c:\users\allis\graphics\apps2\debug\vc141.pdb
c:\users\allis\graphics\apps2\debug\vc141.idb
c:\users\allis\graphics\apps2\debug\glad.obj
c:\users\allis\graphics\apps2\debug\background.obj
c:\users\allis\graphics\apps2\debug\glxtras.obj
c:\users\allis\graphics\apps2\debug\misc.obj
c:\users\allis\graphics\apps2\debug\text.obj
c:\users\allis\graphics\apps2\debug\sphere.obj
c:\users\allis\graphics\apps2\debug\slider.obj
c:\users\allis\graphics\apps2\debug\quaternion.obj
c:\users\allis\graphics\apps2\debug\polygonizer.obj
c:\users\allis\graphics\apps2\debug\numbers.obj
c:\users\allis\graphics\apps2\debug\mesh.obj
c:\users\allis\graphics\apps2\debug\lights.obj
c:\users\allis\graphics\apps2\debug\draw.obj
c:\users\allis\graphics\apps2\debug\color.obj
c:\users\allis\graphics\apps2\debug\cameraarcball.obj
c:\users\allis\graphics\apps2\debug\camera.obj
c:\users\allis\graphics\apps2\debug\apps2.exe
c:\users\allis\graphics\apps2\debug\apps2.ilk
c:\users\allis\graphics\apps2\debug\apps2.pdb
c:\users\allis\graphics\apps2\debug\apps2.tlog\cl.command.1.tlog
c:\users\allis\graphics\apps2\debug\apps2.tlog\cl.read.1.tlog
c:\users\allis\graphics\apps2\debug\apps2.tlog\cl.write.1.tlog
c:\users\allis\graphics\apps2\debug\apps2.tlog\link.command.1.tlog
c:\users\allis\graphics\apps2\debug\apps2.tlog\link.read.1.tlog
c:\users\allis\graphics\apps2\debug\apps2.tlog\link.write.1.tlog
